build/app/intermediates/manifest_merge_blame_file/debug/manifest-merger-blame-debug-report.txt
1<?xml version="1.0" encoding="utf-8"?>
2<manifest xmlns:android="http://schemas.android.com/apk/res/android"
3    package="com.petersalmon.later_flutter"
4    android:versionCode="1"
5    android:versionName="1.0.0" >
6
7    <uses-sdk
8        android:minSdkVersion="21"
9        android:targetSdkVersion="30" />
10    <!--
11         Flutter needs it to communicate with the running application
12         to allow setting breakpoints, to provide hot reload, etc.
13    -->
14    <uses-permission android:name="android.permission.INTERNET" />
14-->src/main/AndroidManifest.xml:2:5-66
14-->src/main/AndroidManifest.xml:2:22-64
15
16    <queries>
16-->src/main/AndroidManifest.xml:28:5-35:15
17
18        <!-- If your app opens https URLs -->
19        <intent>
19-->src/main/AndroidManifest.xml:30:9-34:18
20            <action android:name="android.intent.action.VIEW" />
20-->src/main/AndroidManifest.xml:31:13-65
20-->src/main/AndroidManifest.xml:31:21-62
21
22            <category android:name="android.intent.category.BROWSABLE" />
22-->src/main/AndroidManifest.xml:32:13-74
22-->src/main/AndroidManifest.xml:32:23-71
23
24            <data android:scheme="https" />
24-->src/main/AndroidManifest.xml:33:13-44
24-->src/main/AndroidManifest.xml:33:19-41
25        </intent>
26    </queries>
27
28    <uses-permission android:name="android.permission.ACCESS_NETWORK_STATE" />
28-->[com.google.firebase:firebase-auth:21.0.1] AndroidManifest.xml:24:5-79
28-->[com.google.firebase:firebase-auth:21.0.1] AndroidManifest.xml:24:22-76
29
30    <application
31        android:name="android.app.Application"
32        android:appComponentFactory="androidx.core.app.CoreComponentFactory"
32-->[androidx.core:core:1.6.0] AndroidManifest.xml:24:18-86
33        android:debuggable="true"
34        android:icon="@mipmap/ic_launcher"
35        android:label="Later" >
36        <activity
37            android:name="com.petersalmon.later_flutter.MainActivity"
38            android:configChanges="orientation|keyboardHidden|keyboard|screenSize|smallestScreenSize|locale|layoutDirection|fontScale|screenLayout|density|uiMode"
39            android:exported="true"
40            android:hardwareAccelerated="true"
41            android:launchMode="singleTop"
42            android:theme="@style/LaunchTheme"
43            android:windowSoftInputMode="adjustResize" >
44
45            <!--
46                 Specifies an Android theme to apply to this Activity as soon as
47                 the Android process has started. This theme is visible to the user
48                 while the Flutter UI initializes. After that, this theme continues
49                 to determine the Window background behind the Flutter UI.
50            -->
51            <meta-data
52                android:name="io.flutter.embedding.android.NormalTheme"
53                android:resource="@style/NormalTheme" />
54
55            <intent-filter>
56                <action android:name="android.intent.action.MAIN" />
57
58                <category android:name="android.intent.category.LAUNCHER" />
59            </intent-filter>
60
61            <!-- This intent filter allows to share plain to text to the app -->
62            <intent-filter>
63                <action android:name="android.intent.action.SEND" />
64
65                <category android:name="android.intent.category.DEFAULT" />
65-->[com.google.firebase:firebase-auth:21.0.1] AndroidManifest.xml:36:17-76
65-->[com.google.firebase:firebase-auth:21.0.1] AndroidManifest.xml:36:27-73
66
67                <data android:mimeType="text/plain" />
67-->src/main/AndroidManifest.xml:33:13-44
68            </intent-filter>
69        </activity>
70        <!--
71             Don't delete the meta-data below.
72             This is used by the Flutter tool to generate GeneratedPluginRegistrant.java
73        -->
74        <meta-data
75            android:name="flutterEmbedding"
76            android:value="2" />
77
78        <service
78-->[:firebase_auth] AndroidManifest.xml:8:9-12:19
79            android:name="com.google.firebase.components.ComponentDiscoveryService"
79-->[:firebase_auth] AndroidManifest.xml:8:18-89
80            android:directBootAware="true"
80-->[com.google.firebase:firebase-common:20.0.0] AndroidManifest.xml:35:13-43
81            android:exported="false" >
81-->[com.google.firebase:firebase-auth:21.0.1] AndroidManifest.xml:76:13-37
82            <meta-data
82-->[:firebase_auth] AndroidManifest.xml:9:13-11:85
83                android:name="com.google.firebase.components:io.flutter.plugins.firebase.auth.FlutterFirebaseAuthRegistrar"
83-->[:firebase_auth] AndroidManifest.xml:10:17-124
84                android:value="com.google.firebase.components.ComponentRegistrar" />
84-->[:firebase_auth] AndroidManifest.xml:11:17-82
85            <meta-data
85-->[:cloud_firestore] AndroidManifest.xml:9:13-11:85
86                android:name="com.google.firebase.components:io.flutter.plugins.firebase.firestore.FlutterFirebaseFirestoreRegistrar"
86-->[:cloud_firestore] AndroidManifest.xml:10:17-134
87                android:value="com.google.firebase.components.ComponentRegistrar" />
87-->[:cloud_firestore] AndroidManifest.xml:11:17-82
88            <meta-data
88-->[:firebase_core] AndroidManifest.xml:9:13-11:85
89                android:name="com.google.firebase.components:io.flutter.plugins.firebase.core.FlutterFirebaseCoreRegistrar"
89-->[:firebase_core] AndroidManifest.xml:10:17-124
90                android:value="com.google.firebase.components.ComponentRegistrar" />
90-->[:firebase_core] AndroidManifest.xml:11:17-82
91            <meta-data
91-->[com.google.firebase:firebase-auth:21.0.1] AndroidManifest.xml:77:13-79:85
92                android:name="com.google.firebase.components:com.google.firebase.auth.FirebaseAuthRegistrar"
92-->[com.google.firebase:firebase-auth:21.0.1] AndroidManifest.xml:78:17-109
93                android:value="com.google.firebase.components.ComponentRegistrar" />
93-->[com.google.firebase:firebase-auth:21.0.1] AndroidManifest.xml:79:17-82
94            <meta-data
94-->[com.google.firebase:firebase-firestore:24.0.1] AndroidManifest.xml:20:13-22:85
95                android:name="com.google.firebase.components:com.google.firebase.firestore.FirestoreRegistrar"
95-->[com.google.firebase:firebase-firestore:24.0.1] AndroidManifest.xml:21:17-111
96                android:value="com.google.firebase.components.ComponentRegistrar" />
96-->[com.google.firebase:firebase-firestore:24.0.1] AndroidManifest.xml:22:17-82
97        </service>
98
99        <activity
99-->[:url_launcher_android] AndroidManifest.xml:8:9-11:74
100            android:name="io.flutter.plugins.urllauncher.WebViewActivity"
100-->[:url_launcher_android] AndroidManifest.xml:9:13-74
101            android:exported="false"
101-->[:url_launcher_android] AndroidManifest.xml:10:13-37
102            android:theme="@android:style/Theme.NoTitleBar.Fullscreen" />
102-->[:url_launcher_android] AndroidManifest.xml:11:13-71
103
104        <uses-library
104-->[androidx.window:window:1.0.0-beta04] AndroidManifest.xml:25:9-27:40
105            android:name="androidx.window.extensions"
105-->[androidx.window:window:1.0.0-beta04] AndroidManifest.xml:26:13-54
106            android:required="false" />
106-->[androidx.window:window:1.0.0-beta04] AndroidManifest.xml:27:13-37
107        <uses-library
107-->[androidx.window:window:1.0.0-beta04] AndroidManifest.xml:28:9-30:40
108            android:name="androidx.window.sidecar"
108-->[androidx.window:window:1.0.0-beta04] AndroidManifest.xml:29:13-51
109            android:required="false" />
109-->[androidx.window:window:1.0.0-beta04] AndroidManifest.xml:30:13-37
110
111        <activity
111-->[com.google.firebase:firebase-auth:21.0.1] AndroidManifest.xml:27:9-44:20
112            android:name="com.google.firebase.auth.internal.GenericIdpActivity"
112-->[com.google.firebase:firebase-auth:21.0.1] AndroidManifest.xml:28:13-80
113            android:excludeFromRecents="true"
113-->[com.google.firebase:firebase-auth:21.0.1] AndroidManifest.xml:29:13-46
114            android:exported="true"
114-->[com.google.firebase:firebase-auth:21.0.1] AndroidManifest.xml:30:13-36
115            android:launchMode="singleTask"
115-->[com.google.firebase:firebase-auth:21.0.1] AndroidManifest.xml:31:13-44
116            android:theme="@android:style/Theme.Translucent.NoTitleBar" >
116-->[com.google.firebase:firebase-auth:21.0.1] AndroidManifest.xml:32:13-72
117            <intent-filter>
117-->[com.google.firebase:firebase-auth:21.0.1] AndroidManifest.xml:33:13-43:29
118                <action android:name="android.intent.action.VIEW" />
118-->src/main/AndroidManifest.xml:31:13-65
118-->src/main/AndroidManifest.xml:31:21-62
119
120                <category android:name="android.intent.category.DEFAULT" />
120-->[com.google.firebase:firebase-auth:21.0.1] AndroidManifest.xml:36:17-76
120-->[com.google.firebase:firebase-auth:21.0.1] AndroidManifest.xml:36:27-73
121                <category android:name="android.intent.category.BROWSABLE" />
121-->src/main/AndroidManifest.xml:32:13-74
121-->src/main/AndroidManifest.xml:32:23-71
122
123                <data
123-->src/main/AndroidManifest.xml:33:13-44
124                    android:host="firebase.auth"
125                    android:path="/"
126                    android:scheme="genericidp" />
126-->src/main/AndroidManifest.xml:33:19-41
127            </intent-filter>
128        </activity>
129        <activity
129-->[com.google.firebase:firebase-auth:21.0.1] AndroidManifest.xml:45:9-62:20
130            android:name="com.google.firebase.auth.internal.RecaptchaActivity"
130-->[com.google.firebase:firebase-auth:21.0.1] AndroidManifest.xml:46:13-79
131            android:excludeFromRecents="true"
131-->[com.google.firebase:firebase-auth:21.0.1] AndroidManifest.xml:47:13-46
132            android:exported="true"
132-->[com.google.firebase:firebase-auth:21.0.1] AndroidManifest.xml:48:13-36
133            android:launchMode="singleTask"
133-->[com.google.firebase:firebase-auth:21.0.1] AndroidManifest.xml:49:13-44
134            android:theme="@android:style/Theme.Translucent.NoTitleBar" >
134-->[com.google.firebase:firebase-auth:21.0.1] AndroidManifest.xml:50:13-72
135            <intent-filter>
135-->[com.google.firebase:firebase-auth:21.0.1] AndroidManifest.xml:51:13-61:29
136                <action android:name="android.intent.action.VIEW" />
136-->src/main/AndroidManifest.xml:31:13-65
136-->src/main/AndroidManifest.xml:31:21-62
137
138                <category android:name="android.intent.category.DEFAULT" />
138-->[com.google.firebase:firebase-auth:21.0.1] AndroidManifest.xml:36:17-76
138-->[com.google.firebase:firebase-auth:21.0.1] AndroidManifest.xml:36:27-73
139                <category android:name="android.intent.category.BROWSABLE" />
139-->src/main/AndroidManifest.xml:32:13-74
139-->src/main/AndroidManifest.xml:32:23-71
140
141                <data
141-->src/main/AndroidManifest.xml:33:13-44
142                    android:host="firebase.auth"
143                    android:path="/"
144                    android:scheme="recaptcha" />
144-->src/main/AndroidManifest.xml:33:19-41
145            </intent-filter>
146        </activity>
147
148        <service
148-->[com.google.firebase:firebase-auth:21.0.1] AndroidManifest.xml:64:9-73:19
149            android:name="com.google.firebase.auth.api.fallback.service.FirebaseAuthFallbackService"
149-->[com.google.firebase:firebase-auth:21.0.1] AndroidManifest.xml:65:13-101
150            android:enabled="true"
150-->[com.google.firebase:firebase-auth:21.0.1] AndroidManifest.xml:66:13-35
151            android:exported="false" >
151-->[com.google.firebase:firebase-auth:21.0.1] AndroidManifest.xml:67:13-37
152            <intent-filter>
152-->[com.google.firebase:firebase-auth:21.0.1] AndroidManifest.xml:68:13-72:29
153                <action android:name="com.google.firebase.auth.api.gms.service.START" />
153-->[com.google.firebase:firebase-auth:21.0.1] AndroidManifest.xml:69:17-89
153-->[com.google.firebase:firebase-auth:21.0.1] AndroidManifest.xml:69:25-86
154
155                <category android:name="android.intent.category.DEFAULT" />
155-->[com.google.firebase:firebase-auth:21.0.1] AndroidManifest.xml:36:17-76
155-->[com.google.firebase:firebase-auth:21.0.1] AndroidManifest.xml:36:27-73
156            </intent-filter>
157        </service>
158
159        <provider
159-->[com.google.firebase:firebase-common:20.0.0] AndroidManifest.xml:26:9-31:39
160            android:name="com.google.firebase.provider.FirebaseInitProvider"
160-->[com.google.firebase:firebase-common:20.0.0] AndroidManifest.xml:27:13-77
161            android:authorities="com.petersalmon.later_flutter.firebaseinitprovider"
161-->[com.google.firebase:firebase-common:20.0.0] AndroidManifest.xml:28:13-72
162            android:directBootAware="true"
162-->[com.google.firebase:firebase-common:20.0.0] AndroidManifest.xml:29:13-43
163            android:exported="false"
163-->[com.google.firebase:firebase-common:20.0.0] AndroidManifest.xml:30:13-37
164            android:initOrder="100" />
164-->[com.google.firebase:firebase-common:20.0.0] AndroidManifest.xml:31:13-36
165
166        <activity
166-->[com.google.android.gms:play-services-base:17.1.0] AndroidManifest.xml:23:9-26:75
167            android:name="com.google.android.gms.common.api.GoogleApiActivity"
167-->[com.google.android.gms:play-services-base:17.1.0] AndroidManifest.xml:24:13-79
168            android:exported="false"
168-->[com.google.android.gms:play-services-base:17.1.0] AndroidManifest.xml:25:13-37
169            android:theme="@android:style/Theme.Translucent.NoTitleBar" />
169-->[com.google.android.gms:play-services-base:17.1.0] AndroidManifest.xml:26:13-72
170
171        <meta-data
171-->[com.google.android.gms:play-services-basement:17.1.0] AndroidManifest.xml:23:9-25:69
172            android:name="com.google.android.gms.version"
172-->[com.google.android.gms:play-services-basement:17.1.0] AndroidManifest.xml:24:13-58
173            android:value="@integer/google_play_services_version" />
173-->[com.google.android.gms:play-services-basement:17.1.0] AndroidManifest.xml:25:13-66
174    </application>
175
176</manifest>